<?xml version="1.0" encoding="UTF-8"?>
<!-- Generated by org.testng.reporters.JUnitXMLReporter -->
<testsuite ignored="0" hostname="ACTPOHOM" failures="1" tests="4" name="Command line test" time="87.939" errors="0" timestamp="2022-12-16T23:22:49 MSK">
  <testcase classname="Tests.Testing" name="AddProductToBasket" time="23.042"/>
  <testcase classname="Tests.Testing" name="DeleteProductFromBasket" time="24.026"/>
  <testcase classname="Tests.Testing" name="FindHealthyEating" time="15.107">
    <failure type="java.lang.IndexOutOfBoundsException" message="Index 1 out of bounds for length 0">
      <![CDATA[java.lang.IndexOutOfBoundsException: Index 1 out of bounds for length 0
at java.base/jdk.internal.util.Preconditions.outOfBounds(Preconditions.java:100)
at java.base/jdk.internal.util.Preconditions.outOfBoundsCheckIndex(Preconditions.java:106)
at java.base/jdk.internal.util.Preconditions.checkIndex(Preconditions.java:302)
at java.base/java.util.Objects.checkIndex(Objects.java:385)
at java.base/java.util.ArrayList.get(ArrayList.java:427)
at org.openqa.selenium.support.pagefactory.internal.LocatingElementListHandler.invoke(LocatingElementListHandler.java:40)
at jdk.proxy2/jdk.proxy2.$Proxy29.get(Unknown Source)
at Pages.HomePage.TimeOfDelivery(HomePage.java:133)
at Tests.Testing.FindHealthyEating(Testing.java:69)
... Removed 33 stack frames]]>
    </failure>
  </testcase> <!-- FindHealthyEating -->
  <testcase classname="Tests.Testing" name="FindSportCustom" time="20.153"/>
</testsuite> <!-- Command line test -->
