<?xml version="1.0" encoding="UTF-8" ?>
<testsuite tests="4" failures="1" name="TestSuite" time="83.395" errors="0" skipped="0">
  <properties>
[...]
</properties>
  <testcase classname="Tests.Testing" name="AddProductToBasket" time="23.261"/>
  <testcase classname="Tests.Testing" name="DeleteProductFromBasket" time="24.314"/>
  <testcase classname="Tests.Testing" name="FindHealthyEating" time="15.316">
    <failure message="Index 1 out of bounds for length 0" type="java.lang.IndexOutOfBoundsException">java.lang.IndexOutOfBoundsException: Index 1 out of bounds for length 0
	at java.base/jdk.internal.util.Preconditions.outOfBounds(Preconditions.java:100)
	at java.base/jdk.internal.util.Preconditions.outOfBoundsCheckIndex(Preconditions.java:106)
	at java.base/jdk.internal.util.Preconditions.checkIndex(Preconditions.java:302)
	at java.base/java.util.Objects.checkIndex(Objects.java:385)
	at java.base/java.util.ArrayList.get(ArrayList.java:427)
	at java.base/jdk.internal.reflect.DirectMethodHandleAccessor.invoke(DirectMethodHandleAccessor.java:104)
	at java.base/java.lang.reflect.Method.invoke(Method.java:578)
	at org.openqa.selenium.support.pagefactory.internal.LocatingElementListHandler.invoke(LocatingElementListHandler.java:40)
	at jdk.proxy2/jdk.proxy2.$Proxy29.get(Unknown Source)
	at Pages.HomePage.TimeOfDelivery(HomePage.java:133)
	at Tests.Testing.FindHealthyEating(Testing.java:69)
</failure>
    <system-out>2022-12-16 23:22:11,639 TRACE websocketx.WebSocket08FrameEncoder [AsyncHttpClient-1-7] io.netty.handler.codec.http.websocketx.WebSocket08FrameEncoder.encode(WebSocket08FrameEncoder.java:131) Encoding WebSocket Frame opCode=8 length=26
2022-12-16 23:22:12,499 INFO  [main] util.TestListener.onTestStart(TestListener.java:22) test is started
2022-12-16 23:22:27,815 INFO  [main] util.TestListener.onTestFailure(TestListener.java:28) test is failure
</system-out>
    <system-err>Starting ChromeDriver 108.0.5359.71 (1e0e3868ee06e91ad636a874420e3ca3ae3756ac-refs/branch-heads/5359@{#1016}) on port 20786
Only local connections are allowed.
Please see https://chromedriver.chromium.org/security-considerations for suggestions on keeping ChromeDriver safe.
ChromeDriver was started successfully.
дек. 16, 2022 11:22:12 PM org.openqa.selenium.devtools.CdpVersionFinder findNearestMatch
WARNING: Unable to find an exact match for CDP version 108, so returning the closest version found: 107
</system-err>
  </testcase>
  <testcase classname="Tests.Testing" name="FindSportCustom" time="20.504"/>
</testsuite>