<?xml version="1.0" encoding="UTF-8"?>
<testng-results ignored="0" total="4" passed="3" failed="1" skipped="0">
  <reporter-output>
  </reporter-output>
  <suite started-at="2022-12-16T23:21:21 MSK" name="Command line suite" finished-at="2022-12-16T23:22:49 MSK" duration-ms="87939">
    <groups>
    </groups>
    <test started-at="2022-12-16T23:21:21 MSK" name="Command line test" finished-at="2022-12-16T23:22:49 MSK" duration-ms="87939">
      <class name="Tests.Testing">
        <test-method is-config="true" signature="setUp()[pri:0, instance:Tests.Testing@70a9f84e]" started-at="2022-12-16T23:21:21 MSK" name="setUp" finished-at="2022-12-16T23:21:23 MSK" duration-ms="1803" status="PASS">
          <reporter-output>
          </reporter-output>
        </test-method> <!-- setUp -->
        <test-method signature="AddProductToBasket()[pri:0, instance:Tests.Testing@70a9f84e]" started-at="2022-12-16T23:21:23 MSK" name="AddProductToBasket" finished-at="2022-12-16T23:21:46 MSK" duration-ms="23042" status="PASS">
          <reporter-output>
          </reporter-output>
        </test-method> <!-- AddProductToBasket -->
        <test-method is-config="true" signature="stopBrowser()[pri:0, instance:Tests.Testing@70a9f84e]" started-at="2022-12-16T23:21:46 MSK" name="stopBrowser" finished-at="2022-12-16T23:21:46 MSK" duration-ms="133" status="PASS">
          <reporter-output>
          </reporter-output>
        </test-method> <!-- stopBrowser -->
        <test-method is-config="true" signature="setUp()[pri:0, instance:Tests.Testing@70a9f84e]" started-at="2022-12-16T23:21:46 MSK" name="setUp" finished-at="2022-12-16T23:21:47 MSK" duration-ms="732" status="PASS">
          <reporter-output>
          </reporter-output>
        </test-method> <!-- setUp -->
        <test-method signature="DeleteProductFromBasket()[pri:0, instance:Tests.Testing@70a9f84e]" started-at="2022-12-16T23:21:47 MSK" name="DeleteProductFromBasket" finished-at="2022-12-16T23:22:11 MSK" duration-ms="24026" status="PASS">
          <reporter-output>
          </reporter-output>
        </test-method> <!-- DeleteProductFromBasket -->
        <test-method is-config="true" signature="stopBrowser()[pri:0, instance:Tests.Testing@70a9f84e]" started-at="2022-12-16T23:22:11 MSK" name="stopBrowser" finished-at="2022-12-16T23:22:11 MSK" duration-ms="114" status="PASS">
          <reporter-output>
          </reporter-output>
        </test-method> <!-- stopBrowser -->
        <test-method is-config="true" signature="setUp()[pri:0, instance:Tests.Testing@70a9f84e]" started-at="2022-12-16T23:22:11 MSK" name="setUp" finished-at="2022-12-16T23:22:12 MSK" duration-ms="747" status="PASS">
          <reporter-output>
          </reporter-output>
        </test-method> <!-- setUp -->
        <test-method signature="FindHealthyEating()[pri:0, instance:Tests.Testing@70a9f84e]" started-at="2022-12-16T23:22:12 MSK" name="FindHealthyEating" finished-at="2022-12-16T23:22:27 MSK" duration-ms="15107" status="FAIL">
          <exception class="java.lang.IndexOutOfBoundsException">
            <message>
              <![CDATA[Index 1 out of bounds for length 0]]>
            </message>
            <full-stacktrace>
              <![CDATA[java.lang.IndexOutOfBoundsException: Index 1 out of bounds for length 0
at java.base/jdk.internal.util.Preconditions.outOfBounds(Preconditions.java:100)
at java.base/jdk.internal.util.Preconditions.outOfBoundsCheckIndex(Preconditions.java:106)
at java.base/jdk.internal.util.Preconditions.checkIndex(Preconditions.java:302)
at java.base/java.util.Objects.checkIndex(Objects.java:385)
at java.base/java.util.ArrayList.get(ArrayList.java:427)
at java.base/jdk.internal.reflect.DirectMethodHandleAccessor.invoke(DirectMethodHandleAccessor.java:104)
at java.base/java.lang.reflect.Method.invoke(Method.java:578)
at org.openqa.selenium.support.pagefactory.internal.LocatingElementListHandler.invoke(LocatingElementListHandler.java:40)
at jdk.proxy2/jdk.proxy2.$Proxy29.get(Unknown Source)
at Pages.HomePage.TimeOfDelivery(HomePage.java:133)
at Tests.Testing.FindHealthyEating(Testing.java:69)
at java.base/jdk.internal.reflect.DirectMethodHandleAccessor.invoke(DirectMethodHandleAccessor.java:104)
at java.base/java.lang.reflect.Method.invoke(Method.java:578)
at org.testng.internal.MethodInvocationHelper.invokeMethod(MethodInvocationHelper.java:131)
at org.testng.internal.Invoker.invokeMethod(Invoker.java:658)
at org.testng.internal.Invoker.invokeTestMethod(Invoker.java:792)
at org.testng.internal.Invoker.invokeTestMethods(Invoker.java:1103)
at org.testng.internal.TestMethodWorker.invokeTestMethods(TestMethodWorker.java:140)
at org.testng.internal.TestMethodWorker.run(TestMethodWorker.java:122)
at org.testng.TestRunner.privateRun(TestRunner.java:739)
at org.testng.TestRunner.run(TestRunner.java:589)
at org.testng.SuiteRunner.runTest(SuiteRunner.java:398)
at org.testng.SuiteRunner.runSequentially(SuiteRunner.java:392)
at org.testng.SuiteRunner.privateRun(SuiteRunner.java:354)
at org.testng.SuiteRunner.run(SuiteRunner.java:302)
at org.testng.SuiteRunnerWorker.runSuite(SuiteRunnerWorker.java:53)
at org.testng.SuiteRunnerWorker.run(SuiteRunnerWorker.java:96)
at org.testng.TestNG.runSuitesSequentially(TestNG.java:1145)
at org.testng.TestNG.runSuitesLocally(TestNG.java:1067)
at org.testng.TestNG.runSuites(TestNG.java:997)
at org.testng.TestNG.run(TestNG.java:965)
at org.apache.maven.surefire.testng.TestNGExecutor.run(TestNGExecutor.java:77)
at org.apache.maven.surefire.testng.TestNGDirectoryTestSuite.executeMulti(TestNGDirectoryTestSuite.java:159)
at org.apache.maven.surefire.testng.TestNGDirectoryTestSuite.execute(TestNGDirectoryTestSuite.java:99)
at org.apache.maven.surefire.testng.TestNGProvider.invoke(TestNGProvider.java:106)
at java.base/jdk.internal.reflect.DirectMethodHandleAccessor.invoke(DirectMethodHandleAccessor.java:104)
at java.base/java.lang.reflect.Method.invoke(Method.java:578)
at org.apache.maven.surefire.util.ReflectionUtils.invokeMethodWithArray(ReflectionUtils.java:189)
at org.apache.maven.surefire.booter.ProviderFactory$ProviderProxy.invoke(ProviderFactory.java:165)
at org.apache.maven.surefire.booter.ProviderFactory.invokeProvider(ProviderFactory.java:85)
at org.apache.maven.surefire.booter.ForkedBooter.runSuitesInProcess(ForkedBooter.java:115)
at org.apache.maven.surefire.booter.ForkedBooter.main(ForkedBooter.java:75)
]]>
            </full-stacktrace>
          </exception> <!-- java.lang.IndexOutOfBoundsException -->
          <reporter-output>
          </reporter-output>
        </test-method> <!-- FindHealthyEating -->
        <test-method is-config="true" signature="stopBrowser()[pri:0, instance:Tests.Testing@70a9f84e]" started-at="2022-12-16T23:22:27 MSK" name="stopBrowser" finished-at="2022-12-16T23:22:27 MSK" duration-ms="121" status="PASS">
          <reporter-output>
          </reporter-output>
        </test-method> <!-- stopBrowser -->
        <test-method is-config="true" signature="setUp()[pri:0, instance:Tests.Testing@70a9f84e]" started-at="2022-12-16T23:22:27 MSK" name="setUp" finished-at="2022-12-16T23:22:28 MSK" duration-ms="761" status="PASS">
          <reporter-output>
          </reporter-output>
        </test-method> <!-- setUp -->
        <test-method signature="FindSportCustom()[pri:0, instance:Tests.Testing@70a9f84e]" started-at="2022-12-16T23:22:28 MSK" name="FindSportCustom" finished-at="2022-12-16T23:22:48 MSK" duration-ms="20153" status="PASS">
          <reporter-output>
          </reporter-output>
        </test-method> <!-- FindSportCustom -->
        <test-method is-config="true" signature="stopBrowser()[pri:0, instance:Tests.Testing@70a9f84e]" started-at="2022-12-16T23:22:49 MSK" name="stopBrowser" finished-at="2022-12-16T23:22:49 MSK" duration-ms="117" status="PASS">
          <reporter-output>
          </reporter-output>
        </test-method> <!-- stopBrowser -->
      </class> <!-- Tests.Testing -->
    </test> <!-- Command line test -->
  </suite> <!-- Command line suite -->
</testng-results>
